<?xml version="1.0" encoding="UTF-8"?>
<!-- Generated by org.testng.reporters.JUnitXMLReporter -->
<testsuite hostname="Ramas-MacBook-Pro.local" ignored="0" name="Surefire test" tests="7" failures="0" timestamp="2020-06-07T10:02:24 PDT" time="7.78" errors="0">
  <testcase name="IOSApps" time="0.004" classname="practice.AppiumTest"/>
  <testcase name="NativeAppAndroid" time="0.0" classname="practice.AppiumTest"/>
  <testcase name="BrowserAutomation" time="0.0" classname="practice.SeleniumTest"/>
  <testcase name="ElementsUi" time="0.0" classname="practice.SeleniumTest"/>
  <testcase name="FirefoxAutomation" time="7.737" classname="practice.SeleniumTest"/>
  <testcase name="deleteTwitter" time="0.0" classname="practice.RESTApiTest"/>
  <testcase name="postJira" time="0.0" classname="practice.RESTApiTest"/>
</testsuite> <!-- Surefire test -->
