<?xml version="1.0" encoding="UTF-8"?>
<testng-results skipped="0" failed="0" ignored="0" total="7" passed="7">
  <reporter-output>
  </reporter-output>
  <suite name="Surefire suite" duration-ms="7780" started-at="2020-06-07T10:02:16 PDT" finished-at="2020-06-07T10:02:24 PDT">
    <groups>
    </groups>
    <test name="Surefire test" duration-ms="7780" started-at="2020-06-07T10:02:16 PDT" finished-at="2020-06-07T10:02:24 PDT">
      <class name="practice.RESTApiTest">
        <test-method status="PASS" signature="deleteTwitter()[pri:0, instance:practice.RESTApiTest@5ec0a365]" name="deleteTwitter" duration-ms="0" started-at="2020-06-07T10:02:24 PDT" finished-at="2020-06-07T10:02:24 PDT">
          <reporter-output>
          </reporter-output>
        </test-method> <!-- deleteTwitter -->
        <test-method status="PASS" signature="postJira()[pri:0, instance:practice.RESTApiTest@5ec0a365]" name="postJira" duration-ms="0" started-at="2020-06-07T10:02:24 PDT" finished-at="2020-06-07T10:02:24 PDT">
          <reporter-output>
          </reporter-output>
        </test-method> <!-- postJira -->
      </class> <!-- practice.RESTApiTest -->
      <class name="practice.SeleniumTest">
        <test-method status="PASS" signature="BrowserAutomation()[pri:0, instance:practice.SeleniumTest@78c03f1f]" name="BrowserAutomation" duration-ms="0" started-at="2020-06-07T10:02:16 PDT" finished-at="2020-06-07T10:02:16 PDT">
          <reporter-output>
          </reporter-output>
        </test-method> <!-- BrowserAutomation -->
        <test-method status="PASS" signature="ElementsUi()[pri:0, instance:practice.SeleniumTest@78c03f1f]" name="ElementsUi" duration-ms="0" started-at="2020-06-07T10:02:16 PDT" finished-at="2020-06-07T10:02:16 PDT">
          <reporter-output>
          </reporter-output>
        </test-method> <!-- ElementsUi -->
        <test-method status="PASS" signature="FirefoxAutomation()[pri:0, instance:practice.SeleniumTest@78c03f1f]" name="FirefoxAutomation" duration-ms="7737" started-at="2020-06-07T10:02:16 PDT" finished-at="2020-06-07T10:02:24 PDT">
          <reporter-output>
          </reporter-output>
        </test-method> <!-- FirefoxAutomation -->
      </class> <!-- practice.SeleniumTest -->
      <class name="practice.AppiumTest">
        <test-method status="PASS" signature="IOSApps()[pri:0, instance:practice.AppiumTest@5ce81285]" name="IOSApps" duration-ms="4" started-at="2020-06-07T10:02:16 PDT" finished-at="2020-06-07T10:02:16 PDT">
          <reporter-output>
          </reporter-output>
        </test-method> <!-- IOSApps -->
        <test-method status="PASS" signature="NativeAppAndroid()[pri:0, instance:practice.AppiumTest@5ce81285]" name="NativeAppAndroid" duration-ms="0" started-at="2020-06-07T10:02:16 PDT" finished-at="2020-06-07T10:02:16 PDT">
          <reporter-output>
          </reporter-output>
        </test-method> <!-- NativeAppAndroid -->
      </class> <!-- practice.AppiumTest -->
    </test> <!-- Surefire test -->
  </suite> <!-- Surefire suite -->
</testng-results>
